<?xml version="1.0" encoding="UTF-8"?>
<testsuite name="it.italiaonline.rnd.Sha1SumSpec" tests="1" skipped="0" failures="0" errors="0" timestamp="2017-03-10T11:22:39" hostname="italia-on-line" time="0.143">
  <properties/>
  <testcase name="someSha1SumMethod returns true" classname="it.italiaonline.rnd.Sha1SumSpec" time="0.143"/>
  <system-out><![CDATA[]]></system-out>
  <system-err><![CDATA[SLF4J: Failed to load class "org.slf4j.impl.StaticLoggerBinder".
SLF4J: Defaulting to no-operation (NOP) logger implementation
SLF4J: See http://www.slf4j.org/codes.html#StaticLoggerBinder for further details.
]]></system-err>
</testsuite>
